<?xml version="1.0" encoding="UTF-8"?>
<testng-results skipped="0" failed="0" ignored="0" total="1" passed="1">
  <reporter-output>
  </reporter-output>
  <suite name="Suite" duration-ms="37949" started-at="2021-06-17T19:58:58 IST" finished-at="2021-06-17T19:59:36 IST">
    <groups>
    </groups>
    <test name="Test" duration-ms="37949" started-at="2021-06-17T19:58:58 IST" finished-at="2021-06-17T19:59:36 IST">
      <class name="com.jenkins.testFile.BasicChromeLaunch">
        <test-method status="PASS" signature="launchChromeTest()[pri:0, instance:com.jenkins.testFile.BasicChromeLaunch@e63ade]" name="launchChromeTest" duration-ms="37876" started-at="2021-06-17T19:58:58 IST" finished-at="2021-06-17T19:59:36 IST">
          <reporter-output>
          </reporter-output>
        </test-method> <!-- launchChromeTest -->
      </class> <!-- com.jenkins.testFile.BasicChromeLaunch -->
    </test> <!-- Test -->
  </suite> <!-- Suite -->
</testng-results>
